2024-11-19 18:59:49,701 - INFO - Este es un mensaje de información.
2024-11-19 18:59:49,702 - ERROR - Este es un mensaje de error.
2024-11-19 18:59:51,702 - INFO - Este es un mensaje de información.
2024-11-19 18:59:51,703 - ERROR - Este es un mensaje de error.
2024-11-19 18:59:53,704 - INFO - Este es un mensaje de información.
2024-11-19 18:59:53,705 - ERROR - Este es un mensaje de error.
2024-11-19 18:59:55,647 - INFO - Bucle detenido por el usuario.
2024-11-19 19:11:59,819 - INFO - INFOOOOOOOOOOOOOOOOOOOOO
2024-11-19 19:11:59,820 - ERROR - ERROOOOOOOOOOOOOOOOOOOOOOOOORRR
2024-11-19 19:12:01,821 - INFO - INFOOOOOOOOOOOOOOOOOOOOO
2024-11-19 19:12:01,823 - ERROR - ERROOOOOOOOOOOOOOOOOOOOOOOOORRR
2024-11-19 19:12:03,823 - INFO - INFOOOOOOOOOOOOOOOOOOOOO
2024-11-19 19:12:03,824 - ERROR - ERROOOOOOOOOOOOOOOOOOOOOOOOORRR
2024-11-19 19:12:05,825 - INFO - INFOOOOOOOOOOOOOOOOOOOOO
2024-11-19 19:12:05,826 - ERROR - ERROOOOOOOOOOOOOOOOOOOOOOOOORRR
2024-11-19 19:12:07,827 - INFO - INFOOOOOOOOOOOOOOOOOOOOO
2024-11-19 19:12:07,828 - ERROR - ERROOOOOOOOOOOOOOOOOOOOOOOOORRR
2024-11-19 19:12:09,829 - INFO - INFOOOOOOOOOOOOOOOOOOOOO
2024-11-19 19:12:09,830 - ERROR - ERROOOOOOOOOOOOOOOOOOOOOOOOORRR
2024-11-19 19:12:11,830 - INFO - INFOOOOOOOOOOOOOOOOOOOOO
2024-11-19 19:12:11,831 - ERROR - ERROOOOOOOOOOOOOOOOOOOOOOOOORRR
2024-11-19 19:12:13,832 - INFO - INFOOOOOOOOOOOOOOOOOOOOO
2024-11-19 19:12:13,833 - ERROR - ERROOOOOOOOOOOOOOOOOOOOOOOOORRR
2024-11-19 19:12:15,834 - INFO - INFOOOOOOOOOOOOOOOOOOOOO
2024-11-19 19:12:15,835 - ERROR - ERROOOOOOOOOOOOOOOOOOOOOOOOORRR
2024-11-19 19:12:17,836 - INFO - INFOOOOOOOOOOOOOOOOOOOOO
2024-11-19 19:12:17,837 - ERROR - ERROOOOOOOOOOOOOOOOOOOOOOOOORRR
2024-11-19 19:12:19,838 - INFO - INFOOOOOOOOOOOOOOOOOOOOO
2024-11-19 19:12:19,839 - ERROR - ERROOOOOOOOOOOOOOOOOOOOOOOOORRR
2024-11-19 19:12:21,841 - INFO - INFOOOOOOOOOOOOOOOOOOOOO
2024-11-19 19:12:21,842 - ERROR - ERROOOOOOOOOOOOOOOOOOOOOOOOORRR
2024-11-19 19:12:23,843 - INFO - INFOOOOOOOOOOOOOOOOOOOOO
2024-11-19 19:12:23,844 - ERROR - ERROOOOOOOOOOOOOOOOOOOOOOOOORRR
2024-11-19 19:12:25,845 - INFO - INFOOOOOOOOOOOOOOOOOOOOO
2024-11-19 19:12:25,846 - ERROR - ERROOOOOOOOOOOOOOOOOOOOOOOOORRR
2024-11-19 19:12:27,847 - INFO - INFOOOOOOOOOOOOOOOOOOOOO
2024-11-19 19:12:27,848 - ERROR - ERROOOOOOOOOOOOOOOOOOOOOOOOORRR
2024-11-19 19:12:29,848 - INFO - INFOOOOOOOOOOOOOOOOOOOOO
2024-11-19 19:12:29,849 - ERROR - ERROOOOOOOOOOOOOOOOOOOOOOOOORRR
2024-11-19 19:12:31,850 - INFO - INFOOOOOOOOOOOOOOOOOOOOO
2024-11-19 19:12:31,851 - ERROR - ERROOOOOOOOOOOOOOOOOOOOOOOOORRR
2024-11-19 19:12:33,852 - INFO - INFOOOOOOOOOOOOOOOOOOOOO
2024-11-19 19:12:33,853 - ERROR - ERROOOOOOOOOOOOOOOOOOOOOOOOORRR
2024-11-19 19:12:35,853 - INFO - INFOOOOOOOOOOOOOOOOOOOOO
2024-11-19 19:12:35,854 - ERROR - ERROOOOOOOOOOOOOOOOOOOOOOOOORRR
2024-11-19 19:12:37,855 - INFO - INFOOOOOOOOOOOOOOOOOOOOO
2024-11-19 19:12:37,856 - ERROR - ERROOOOOOOOOOOOOOOOOOOOOOOOORRR
2024-11-19 19:12:39,857 - INFO - INFOOOOOOOOOOOOOOOOOOOOO
2024-11-19 19:12:39,858 - ERROR - ERROOOOOOOOOOOOOOOOOOOOOOOOORRR
2024-11-19 19:12:41,858 - INFO - INFOOOOOOOOOOOOOOOOOOOOO
2024-11-19 19:12:41,859 - ERROR - ERROOOOOOOOOOOOOOOOOOOOOOOOORRR
2024-11-19 19:12:43,860 - INFO - INFOOOOOOOOOOOOOOOOOOOOO
2024-11-19 19:12:43,861 - ERROR - ERROOOOOOOOOOOOOOOOOOOOOOOOORRR
2024-11-19 19:12:45,862 - INFO - INFOOOOOOOOOOOOOOOOOOOOO
2024-11-19 19:12:45,863 - ERROR - ERROOOOOOOOOOOOOOOOOOOOOOOOORRR
2024-11-19 19:12:47,863 - INFO - INFOOOOOOOOOOOOOOOOOOOOO
2024-11-19 19:12:47,864 - ERROR - ERROOOOOOOOOOOOOOOOOOOOOOOOORRR
2024-11-19 19:12:49,865 - INFO - INFOOOOOOOOOOOOOOOOOOOOO
2024-11-19 19:12:49,866 - ERROR - ERROOOOOOOOOOOOOOOOOOOOOOOOORRR
2024-11-19 19:12:51,867 - INFO - INFOOOOOOOOOOOOOOOOOOOOO
2024-11-19 19:12:51,868 - ERROR - ERROOOOOOOOOOOOOOOOOOOOOOOOORRR
2024-11-19 19:12:53,868 - INFO - INFOOOOOOOOOOOOOOOOOOOOO
2024-11-19 19:12:53,869 - ERROR - ERROOOOOOOOOOOOOOOOOOOOOOOOORRR
2024-11-19 19:12:55,870 - INFO - INFOOOOOOOOOOOOOOOOOOOOO
2024-11-19 19:12:55,871 - ERROR - ERROOOOOOOOOOOOOOOOOOOOOOOOORRR
2024-11-19 19:12:57,872 - INFO - INFOOOOOOOOOOOOOOOOOOOOO
2024-11-19 19:12:57,872 - ERROR - ERROOOOOOOOOOOOOOOOOOOOOOOOORRR
2024-11-19 19:12:59,874 - INFO - INFOOOOOOOOOOOOOOOOOOOOO
2024-11-19 19:12:59,875 - ERROR - ERROOOOOOOOOOOOOOOOOOOOOOOOORRR
2024-11-19 19:13:01,876 - INFO - INFOOOOOOOOOOOOOOOOOOOOO
2024-11-19 19:13:01,876 - ERROR - ERROOOOOOOOOOOOOOOOOOOOOOOOORRR
2024-11-19 19:13:03,877 - INFO - INFOOOOOOOOOOOOOOOOOOOOO
2024-11-19 19:13:03,878 - ERROR - ERROOOOOOOOOOOOOOOOOOOOOOOOORRR
2024-11-19 19:13:05,879 - INFO - INFOOOOOOOOOOOOOOOOOOOOO
2024-11-19 19:13:05,880 - ERROR - ERROOOOOOOOOOOOOOOOOOOOOOOOORRR
2024-11-19 19:13:07,881 - INFO - INFOOOOOOOOOOOOOOOOOOOOO
2024-11-19 19:13:07,882 - ERROR - ERROOOOOOOOOOOOOOOOOOOOOOOOORRR
2024-11-19 19:13:09,882 - INFO - INFOOOOOOOOOOOOOOOOOOOOO
2024-11-19 19:13:09,883 - ERROR - ERROOOOOOOOOOOOOOOOOOOOOOOOORRR
2024-11-19 19:13:11,884 - INFO - INFOOOOOOOOOOOOOOOOOOOOO
2024-11-19 19:13:11,885 - ERROR - ERROOOOOOOOOOOOOOOOOOOOOOOOORRR
2024-11-19 19:13:13,885 - INFO - INFOOOOOOOOOOOOOOOOOOOOO
2024-11-19 19:13:13,886 - ERROR - ERROOOOOOOOOOOOOOOOOOOOOOOOORRR
2024-11-19 19:13:15,887 - INFO - INFOOOOOOOOOOOOOOOOOOOOO
2024-11-19 19:13:15,888 - ERROR - ERROOOOOOOOOOOOOOOOOOOOOOOOORRR
2024-11-19 19:13:17,889 - INFO - INFOOOOOOOOOOOOOOOOOOOOO
2024-11-19 19:13:17,890 - ERROR - ERROOOOOOOOOOOOOOOOOOOOOOOOORRR
2024-11-19 19:13:19,890 - INFO - INFOOOOOOOOOOOOOOOOOOOOO
2024-11-19 19:13:19,891 - ERROR - ERROOOOOOOOOOOOOOOOOOOOOOOOORRR
2024-11-19 19:13:21,892 - INFO - INFOOOOOOOOOOOOOOOOOOOOO
2024-11-19 19:13:21,893 - ERROR - ERROOOOOOOOOOOOOOOOOOOOOOOOORRR
2024-11-19 19:13:23,893 - INFO - INFOOOOOOOOOOOOOOOOOOOOO
2024-11-19 19:13:23,894 - ERROR - ERROOOOOOOOOOOOOOOOOOOOOOOOORRR
2024-11-19 19:13:25,895 - INFO - INFOOOOOOOOOOOOOOOOOOOOO
2024-11-19 19:13:25,896 - ERROR - ERROOOOOOOOOOOOOOOOOOOOOOOOORRR
2024-11-19 19:13:27,897 - INFO - INFOOOOOOOOOOOOOOOOOOOOO
2024-11-19 19:13:27,898 - ERROR - ERROOOOOOOOOOOOOOOOOOOOOOOOORRR
2024-11-19 19:13:29,899 - INFO - INFOOOOOOOOOOOOOOOOOOOOO
2024-11-19 19:13:29,900 - ERROR - ERROOOOOOOOOOOOOOOOOOOOOOOOORRR
2024-11-19 19:13:31,901 - INFO - INFOOOOOOOOOOOOOOOOOOOOO
2024-11-19 19:13:31,902 - ERROR - ERROOOOOOOOOOOOOOOOOOOOOOOOORRR
2024-11-19 19:13:33,903 - INFO - INFOOOOOOOOOOOOOOOOOOOOO
2024-11-19 19:13:33,904 - ERROR - ERROOOOOOOOOOOOOOOOOOOOOOOOORRR
2024-11-19 19:13:35,905 - INFO - INFOOOOOOOOOOOOOOOOOOOOO
2024-11-19 19:13:35,906 - ERROR - ERROOOOOOOOOOOOOOOOOOOOOOOOORRR
2024-11-19 19:13:37,906 - INFO - INFOOOOOOOOOOOOOOOOOOOOO
2024-11-19 19:13:37,907 - ERROR - ERROOOOOOOOOOOOOOOOOOOOOOOOORRR
2024-11-19 19:13:39,908 - INFO - INFOOOOOOOOOOOOOOOOOOOOO
2024-11-19 19:13:39,909 - ERROR - ERROOOOOOOOOOOOOOOOOOOOOOOOORRR
2024-11-19 19:13:41,910 - INFO - INFOOOOOOOOOOOOOOOOOOOOO
2024-11-19 19:13:41,911 - ERROR - ERROOOOOOOOOOOOOOOOOOOOOOOOORRR
2024-11-19 19:13:43,912 - INFO - INFOOOOOOOOOOOOOOOOOOOOO
2024-11-19 19:13:43,913 - ERROR - ERROOOOOOOOOOOOOOOOOOOOOOOOORRR
2024-11-19 19:13:45,914 - INFO - INFOOOOOOOOOOOOOOOOOOOOO
2024-11-19 19:13:45,915 - ERROR - ERROOOOOOOOOOOOOOOOOOOOOOOOORRR
2024-11-19 19:13:47,079 - INFO - Se termino
